
{"level":"info","message":"SIGTERM/SIGINT received. Shutting down gracefully...","service":"wms-api","timestamp":"2025-03-10 05:11:52"}
{"level":"info","message":"Server listening on port 3000","service":"wms-api","timestamp":"2025-03-10 05:11:58"}
{"level":"info","message":"Environment: development","service":"wms-api","timestamp":"2025-03-10 05:11:58"}
{"level":"info","message":"Application version: 1.0.0","service":"wms-api","timestamp":"2025-03-10 05:11:58"}
{"level":"info","message":"Ensured required directories exist","service":"wms-api","timestamp":"2025-03-10 05:11:58"}
{"level":"warn","message":"File users.json does not exist - will be created when items are saved","service":"wms-api","timestamp":"2025-03-10 05:11:58"}
{"level":"warn","message":"File orders.json does not exist - will be created when items are saved","service":"wms-api","timestamp":"2025-03-10 05:11:58"}
{"level":"info","message":"Loaded 0 history entries for orders","service":"wms-api","timestamp":"2025-03-10 05:11:58"}
{"level":"warn","message":"File items.json does not exist - will be created when items are saved","service":"wms-api","timestamp":"2025-03-10 05:11:58"}
{"level":"info","message":"Loaded 0 history entries for items","service":"wms-api","timestamp":"2025-03-10 05:11:58"}
{"level":"warn","message":"File boxes.json does not exist - will be created when items are saved","service":"wms-api","timestamp":"2025-03-10 05:11:58"}
{"level":"info","message":"Loaded 0 history entries for boxes","service":"wms-api","timestamp":"2025-03-10 05:11:58"}
{"level":"warn","message":"File places.json does not exist - will be created when items are saved","service":"wms-api","timestamp":"2025-03-10 05:11:58"}
{"level":"warn","message":"File classes.json does not exist - will be created when items are saved","service":"wms-api","timestamp":"2025-03-10 05:11:58"}
{"level":"warn","message":"File uppers.json does not exist - will be created when items are saved","service":"wms-api","timestamp":"2025-03-10 05:11:58"}
{"level":"warn","message":"File dicts.json does not exist - will be created when items are saved","service":"wms-api","timestamp":"2025-03-10 05:11:58"}
{"level":"info","message":"Serial numbers loaded successfully","service":"wms-api","timestamp":"2025-03-10 05:11:58"}
{"level":"info","message":"Storage service initialized successfully","service":"wms-api","timestamp":"2025-03-10 05:11:58"}
{"level":"info","message":"History service initialized successfully","service":"wms-api","timestamp":"2025-03-10 05:11:58"}
{"level":"info","message":"All services initialized successfully","service":"wms-api","timestamp":"2025-03-10 05:11:58"}
{"level":"info","message":"Database connection established successfully","service":"wms-api","timestamp":"2025-03-10 05:11:58"}
{"ip":"::1","level":"warn","message":"POST /api/users 401","method":"POST","requestId":"req-1741580341065-moc8eetnn","responseTime":"19ms","service":"wms-api","statusCode":401,"timestamp":"2025-03-10 05:19:01","url":"/api/users","userAgent":"Mozilla/5.0 (Windows NT; Windows NT 10.0; de-DE) WindowsPowerShell/5.1.26100.2161","userId":"anonymous"}
{"ip":"::1","level":"warn","message":"POST /api/users 401","method":"POST","requestId":"req-1741580398202-w6daeody4","responseTime":"1ms","service":"wms-api","statusCode":401,"timestamp":"2025-03-10 05:19:58","url":"/api/users","userAgent":"Mozilla/5.0 (Windows NT; Windows NT 10.0; de-DE) WindowsPowerShell/5.1.26100.2161","userId":"anonymous"}
{"error":"SyntaxError","level":"warn","message":"Client error: Expected property name or '}' in JSON at position 1 (line 1 column 2)","service":"wms-api","statusCode":400,"timestamp":"2025-03-10 05:20:16"}
{"ip":"::1","level":"warn","message":"POST /api/users 400","method":"POST","requestId":"req-1741580416069-lxyhwwlwt","responseTime":"3ms","service":"wms-api","statusCode":400,"timestamp":"2025-03-10 05:20:16","url":"/api/users","userAgent":"curl/8.10.1","userId":"anonymous"}
{"level":"info","message":"SIGTERM/SIGINT received. Shutting down gracefully...","service":"wms-api","timestamp":"2025-03-10 05:23:54"}
{"level":"info","message":"Server listening on port 3000","service":"wms-api","timestamp":"2025-03-10 05:23:59"}
{"level":"info","message":"Environment: development","service":"wms-api","timestamp":"2025-03-10 05:23:59"}
{"level":"info","message":"Application version: 1.0.0","service":"wms-api","timestamp":"2025-03-10 05:23:59"}
{"level":"info","message":"Ensured required directories exist","service":"wms-api","timestamp":"2025-03-10 05:23:59"}
{"level":"info","message":"Loaded 1 items into users","service":"wms-api","timestamp":"2025-03-10 05:23:59"}
{"level":"warn","message":"File orders.json does not exist - will be created when items are saved","service":"wms-api","timestamp":"2025-03-10 05:23:59"}
{"level":"info","message":"Loaded 0 history entries for orders","service":"wms-api","timestamp":"2025-03-10 05:23:59"}
{"level":"warn","message":"File items.json does not exist - will be created when items are saved","service":"wms-api","timestamp":"2025-03-10 05:23:59"}
{"level":"info","message":"Loaded 0 history entries for items","service":"wms-api","timestamp":"2025-03-10 05:23:59"}
{"level":"warn","message":"File boxes.json does not exist - will be created when items are saved","service":"wms-api","timestamp":"2025-03-10 05:23:59"}
{"level":"info","message":"Loaded 0 history entries for boxes","service":"wms-api","timestamp":"2025-03-10 05:23:59"}
{"level":"warn","message":"File places.json does not exist - will be created when items are saved","service":"wms-api","timestamp":"2025-03-10 05:23:59"}
{"level":"warn","message":"File classes.json does not exist - will be created when items are saved","service":"wms-api","timestamp":"2025-03-10 05:23:59"}
{"level":"warn","message":"File uppers.json does not exist - will be created when items are saved","service":"wms-api","timestamp":"2025-03-10 05:23:59"}
{"level":"warn","message":"File dicts.json does not exist - will be created when items are saved","service":"wms-api","timestamp":"2025-03-10 05:23:59"}
{"level":"info","message":"Serial numbers loaded successfully","service":"wms-api","timestamp":"2025-03-10 05:23:59"}
{"level":"info","message":"Storage service initialized successfully","service":"wms-api","timestamp":"2025-03-10 05:23:59"}
{"level":"info","message":"History service initialized successfully","service":"wms-api","timestamp":"2025-03-10 05:23:59"}
{"level":"info","message":"All services initialized successfully","service":"wms-api","timestamp":"2025-03-10 05:23:59"}
{"level":"info","message":"Database connection established successfully","service":"wms-api","timestamp":"2025-03-10 05:23:59"}
{"ip":"::1","level":"info","message":"GET /api/health 200","method":"GET","requestId":"req-1741580645177-t7dni8jyu","responseTime":"12ms","service":"wms-api","statusCode":200,"timestamp":"2025-03-10 05:24:05","url":"/api/health","userAgent":"Mozilla/5.0 (Windows NT 10.0; Win64; x64) AppleWebKit/537.36 (KHTML, like Gecko) Chrome/134.0.0.0 Safari/537.36","userId":"anonymous"}
{"ip":"::1","level":"info","message":"GET / 304","method":"GET","requestId":"req-1741580649662-4miz181fi","responseTime":"3ms","service":"wms-api","statusCode":304,"timestamp":"2025-03-10 05:24:09","url":"/","userAgent":"Mozilla/5.0 (Windows NT 10.0; Win64; x64) AppleWebKit/537.36 (KHTML, like Gecko) Chrome/134.0.0.0 Safari/537.36","userId":"anonymous"}
{"ip":"::1","level":"info","message":"GET / 304","method":"GET","requestId":"req-1741580677172-7uuc08yno","responseTime":"2ms","service":"wms-api","statusCode":304,"timestamp":"2025-03-10 05:24:37","url":"/","userAgent":"Mozilla/5.0 (Windows NT 10.0; Win64; x64) AppleWebKit/537.36 (KHTML, like Gecko) Chrome/134.0.0.0 Safari/537.36","userId":"anonymous"}
{"details":{},"error":"ApiError","level":"warn","message":"Client error: Invalid credentials","service":"wms-api","statusCode":401,"timestamp":"2025-03-10 05:27:13"}
{"ip":"::1","level":"warn","message":"POST /api/auth/login 401","method":"POST","requestId":"req-1741580833430-sh19iy20d","responseTime":"51ms","service":"wms-api","statusCode":401,"timestamp":"2025-03-10 05:27:13","url":"/api/auth/login","userAgent":"Mozilla/5.0 (Windows NT; Windows NT 10.0; de-DE) WindowsPowerShell/5.1.26100.2161","userId":"anonymous"}
{"level":"info","message":"SIGTERM/SIGINT received. Shutting down gracefully...","service":"wms-api","timestamp":"2025-03-10 05:31:47"}
{"level":"info","message":"Server listening on port 3000","service":"wms-api","timestamp":"2025-03-10 05:34:36"}
{"level":"info","message":"Environment: development","service":"wms-api","timestamp":"2025-03-10 05:34:36"}
{"level":"info","message":"Application version: 1.0.0","service":"wms-api","timestamp":"2025-03-10 05:34:36"}
{"level":"info","message":"Ensured required directories exist","service":"wms-api","timestamp":"2025-03-10 05:34:36"}
{"level":"info","message":"Loaded 1 items into users","service":"wms-api","timestamp":"2025-03-10 05:34:36"}
{"level":"warn","message":"File orders.json does not exist - will be created when items are saved","service":"wms-api","timestamp":"2025-03-10 05:34:36"}
{"level":"info","message":"Loaded 0 history entries for orders","service":"wms-api","timestamp":"2025-03-10 05:34:36"}
{"level":"warn","message":"File items.json does not exist - will be created when items are saved","service":"wms-api","timestamp":"2025-03-10 05:34:36"}
{"level":"info","message":"Loaded 0 history entries for items","service":"wms-api","timestamp":"2025-03-10 05:34:36"}
{"level":"warn","message":"File boxes.json does not exist - will be created when items are saved","service":"wms-api","timestamp":"2025-03-10 05:34:36"}
{"level":"info","message":"Loaded 0 history entries for boxes","service":"wms-api","timestamp":"2025-03-10 05:34:36"}
{"level":"warn","message":"File places.json does not exist - will be created when items are saved","service":"wms-api","timestamp":"2025-03-10 05:34:36"}
{"level":"warn","message":"File classes.json does not exist - will be created when items are saved","service":"wms-api","timestamp":"2025-03-10 05:34:36"}
{"level":"warn","message":"File uppers.json does not exist - will be created when items are saved","service":"wms-api","timestamp":"2025-03-10 05:34:36"}
{"level":"warn","message":"File dicts.json does not exist - will be created when items are saved","service":"wms-api","timestamp":"2025-03-10 05:34:36"}
{"level":"info","message":"Serial numbers loaded successfully","service":"wms-api","timestamp":"2025-03-10 05:34:36"}
{"level":"info","message":"Storage service initialized successfully","service":"wms-api","timestamp":"2025-03-10 05:34:36"}
{"level":"info","message":"History service initialized successfully","service":"wms-api","timestamp":"2025-03-10 05:34:36"}
{"level":"info","message":"All services initialized successfully","service":"wms-api","timestamp":"2025-03-10 05:34:36"}
{"level":"info","message":"Database connection established successfully","service":"wms-api","timestamp":"2025-03-10 05:34:36"}
{"ip":"::1","level":"info","message":"POST /api/auth/login 200","method":"POST","requestId":"req-1741581305901-ebm2vcjoi","responseTime":"52ms","service":"wms-api","statusCode":200,"timestamp":"2025-03-10 05:35:05","url":"/api/auth/login","userAgent":"Mozilla/5.0 (Windows NT; Windows NT 10.0; de-DE) WindowsPowerShell/5.1.26100.2161","userId":"anonymous"}
{"level":"info","message":"SIGTERM/SIGINT received. Shutting down gracefully...","service":"wms-api","timestamp":"2025-03-10 05:38:32"}
{"level":"info","message":"Server listening on port 3000","service":"wms-api","timestamp":"2025-03-10 05:38:38"}
{"level":"info","message":"Environment: development","service":"wms-api","timestamp":"2025-03-10 05:38:38"}
{"level":"info","message":"Application version: 1.0.0","service":"wms-api","timestamp":"2025-03-10 05:38:38"}
{"level":"info","message":"Ensured required directories exist","service":"wms-api","timestamp":"2025-03-10 05:38:38"}
{"level":"info","message":"Loaded 1 items into users","service":"wms-api","timestamp":"2025-03-10 05:38:38"}
{"level":"warn","message":"File orders.json does not exist - will be created when items are saved","service":"wms-api","timestamp":"2025-03-10 05:38:38"}
{"level":"info","message":"Loaded 0 history entries for orders","service":"wms-api","timestamp":"2025-03-10 05:38:38"}
{"level":"warn","message":"File items.json does not exist - will be created when items are saved","service":"wms-api","timestamp":"2025-03-10 05:38:38"}
{"level":"info","message":"Loaded 0 history entries for items","service":"wms-api","timestamp":"2025-03-10 05:38:38"}
{"level":"warn","message":"File boxes.json does not exist - will be created when items are saved","service":"wms-api","timestamp":"2025-03-10 05:38:38"}
{"level":"info","message":"Loaded 0 history entries for boxes","service":"wms-api","timestamp":"2025-03-10 05:38:38"}
{"level":"warn","message":"File places.json does not exist - will be created when items are saved","service":"wms-api","timestamp":"2025-03-10 05:38:38"}
{"level":"warn","message":"File classes.json does not exist - will be created when items are saved","service":"wms-api","timestamp":"2025-03-10 05:38:38"}
{"level":"warn","message":"File uppers.json does not exist - will be created when items are saved","service":"wms-api","timestamp":"2025-03-10 05:38:38"}
{"level":"warn","message":"File dicts.json does not exist - will be created when items are saved","service":"wms-api","timestamp":"2025-03-10 05:38:38"}
{"level":"info","message":"Serial numbers loaded successfully","service":"wms-api","timestamp":"2025-03-10 05:38:38"}
{"level":"info","message":"Storage service initialized successfully","service":"wms-api","timestamp":"2025-03-10 05:38:38"}
{"level":"info","message":"History service initialized successfully","service":"wms-api","timestamp":"2025-03-10 05:38:38"}
{"level":"info","message":"All services initialized successfully","service":"wms-api","timestamp":"2025-03-10 05:38:38"}
{"level":"info","message":"Database connection established successfully","service":"wms-api","timestamp":"2025-03-10 05:38:38"}
{"error":{"code":"ERR_HTTP_HEADERS_SENT"},"errorDetails":{"code":"ERR_HTTP_HEADERS_SENT","message":"Cannot set headers after they are sent to the client","stack":"Error [ERR_HTTP_HEADERS_SENT]: Cannot set headers after they are sent to the client\n    at ServerResponse.setHeader (node:_http_outgoing:699:11)\n    at res.end (C:\\Users\\xelth\\eckwms\\middleware\\performance.js:160:10)\n    at ReadStream.onend (node:internal/streams/readable:946:10)\n    at Object.onceWrapper (node:events:621:28)\n    at ReadStream.emit (node:events:519:35)\n    at endReadableNT (node:internal/streams/readable:1696:12)\n    at process.processTicksAndRejections (node:internal/process/task_queues:90:21)"},"level":"error","message":"Uncaught exception: Cannot set headers after they are sent to the client","service":"wms-api","stack":"Error [ERR_HTTP_HEADERS_SENT]: Cannot set headers after they are sent to the client\n    at ServerResponse.setHeader (node:_http_outgoing:699:11)\n    at res.end (C:\\Users\\xelth\\eckwms\\middleware\\performance.js:160:10)\n    at ReadStream.onend (node:internal/streams/readable:946:10)\n    at Object.onceWrapper (node:events:621:28)\n    at ReadStream.emit (node:events:519:35)\n    at endReadableNT (node:internal/streams/readable:1696:12)\n    at process.processTicksAndRejections (node:internal/process/task_queues:90:21)","timestamp":"2025-03-10 05:38:55"}
{"level":"info","message":"Server listening on port 3000","service":"wms-api","timestamp":"2025-03-10 05:55:11"}
{"level":"info","message":"Environment: development","service":"wms-api","timestamp":"2025-03-10 05:55:11"}
{"level":"info","message":"Application version: 1.0.0","service":"wms-api","timestamp":"2025-03-10 05:55:11"}
{"level":"info","message":"Ensured required directories exist","service":"wms-api","timestamp":"2025-03-10 05:55:11"}
{"level":"info","message":"Loaded 1 items into users","service":"wms-api","timestamp":"2025-03-10 05:55:11"}
{"level":"warn","message":"File orders.json does not exist - will be created when items are saved","service":"wms-api","timestamp":"2025-03-10 05:55:11"}
{"level":"info","message":"Loaded 0 history entries for orders","service":"wms-api","timestamp":"2025-03-10 05:55:11"}
{"level":"warn","message":"File items.json does not exist - will be created when items are saved","service":"wms-api","timestamp":"2025-03-10 05:55:11"}
{"level":"info","message":"Loaded 0 history entries for items","service":"wms-api","timestamp":"2025-03-10 05:55:11"}
{"level":"warn","message":"File boxes.json does not exist - will be created when items are saved","service":"wms-api","timestamp":"2025-03-10 05:55:11"}
{"level":"info","message":"Loaded 0 history entries for boxes","service":"wms-api","timestamp":"2025-03-10 05:55:11"}
{"level":"warn","message":"File places.json does not exist - will be created when items are saved","service":"wms-api","timestamp":"2025-03-10 05:55:11"}
{"level":"warn","message":"File classes.json does not exist - will be created when items are saved","service":"wms-api","timestamp":"2025-03-10 05:55:11"}
{"level":"warn","message":"File uppers.json does not exist - will be created when items are saved","service":"wms-api","timestamp":"2025-03-10 05:55:11"}
{"level":"warn","message":"File dicts.json does not exist - will be created when items are saved","service":"wms-api","timestamp":"2025-03-10 05:55:11"}
{"level":"info","message":"Serial numbers loaded successfully","service":"wms-api","timestamp":"2025-03-10 05:55:11"}
{"level":"info","message":"Storage service initialized successfully","service":"wms-api","timestamp":"2025-03-10 05:55:11"}
{"level":"info","message":"History service initialized successfully","service":"wms-api","timestamp":"2025-03-10 05:55:11"}
{"level":"info","message":"All services initialized successfully","service":"wms-api","timestamp":"2025-03-10 05:55:11"}
{"level":"info","message":"Database connection established successfully","service":"wms-api","timestamp":"2025-03-10 05:55:11"}
{"error":{"code":"ERR_HTTP_HEADERS_SENT"},"errorDetails":{"code":"ERR_HTTP_HEADERS_SENT","message":"Cannot set headers after they are sent to the client","stack":"Error [ERR_HTTP_HEADERS_SENT]: Cannot set headers after they are sent to the client\n    at ServerResponse.setHeader (node:_http_outgoing:699:11)\n    at res.end (C:\\Users\\xelth\\eckwms\\middleware\\performance.js:160:10)\n    at ReadStream.onend (node:internal/streams/readable:946:10)\n    at Object.onceWrapper (node:events:621:28)\n    at ReadStream.emit (node:events:519:35)\n    at endReadableNT (node:internal/streams/readable:1696:12)\n    at process.processTicksAndRejections (node:internal/process/task_queues:90:21)"},"level":"error","message":"Uncaught exception: Cannot set headers after they are sent to the client","service":"wms-api","stack":"Error [ERR_HTTP_HEADERS_SENT]: Cannot set headers after they are sent to the client\n    at ServerResponse.setHeader (node:_http_outgoing:699:11)\n    at res.end (C:\\Users\\xelth\\eckwms\\middleware\\performance.js:160:10)\n    at ReadStream.onend (node:internal/streams/readable:946:10)\n    at Object.onceWrapper (node:events:621:28)\n    at ReadStream.emit (node:events:519:35)\n    at endReadableNT (node:internal/streams/readable:1696:12)\n    at process.processTicksAndRejections (node:internal/process/task_queues:90:21)","timestamp":"2025-03-10 05:55:21"}
{"level":"info","message":"Server listening on port 3000","service":"wms-api","timestamp":"2025-03-10 05:56:00"}
{"level":"info","message":"Environment: development","service":"wms-api","timestamp":"2025-03-10 05:56:00"}
{"level":"info","message":"Application version: 1.0.0","service":"wms-api","timestamp":"2025-03-10 05:56:00"}
{"level":"info","message":"Ensured required directories exist","service":"wms-api","timestamp":"2025-03-10 05:56:00"}
{"level":"info","message":"Loaded 1 items into users","service":"wms-api","timestamp":"2025-03-10 05:56:00"}
{"level":"warn","message":"File orders.json does not exist - will be created when items are saved","service":"wms-api","timestamp":"2025-03-10 05:56:00"}
{"level":"info","message":"Loaded 0 history entries for orders","service":"wms-api","timestamp":"2025-03-10 05:56:00"}
{"level":"warn","message":"File items.json does not exist - will be created when items are saved","service":"wms-api","timestamp":"2025-03-10 05:56:00"}
{"level":"info","message":"Loaded 0 history entries for items","service":"wms-api","timestamp":"2025-03-10 05:56:00"}
{"level":"warn","message":"File boxes.json does not exist - will be created when items are saved","service":"wms-api","timestamp":"2025-03-10 05:56:00"}
{"level":"info","message":"Loaded 0 history entries for boxes","service":"wms-api","timestamp":"2025-03-10 05:56:00"}
{"level":"warn","message":"File places.json does not exist - will be created when items are saved","service":"wms-api","timestamp":"2025-03-10 05:56:00"}
{"level":"warn","message":"File classes.json does not exist - will be created when items are saved","service":"wms-api","timestamp":"2025-03-10 05:56:00"}
{"level":"warn","message":"File uppers.json does not exist - will be created when items are saved","service":"wms-api","timestamp":"2025-03-10 05:56:00"}
{"level":"warn","message":"File dicts.json does not exist - will be created when items are saved","service":"wms-api","timestamp":"2025-03-10 05:56:00"}
{"level":"info","message":"Serial numbers loaded successfully","service":"wms-api","timestamp":"2025-03-10 05:56:00"}
{"level":"info","message":"Storage service initialized successfully","service":"wms-api","timestamp":"2025-03-10 05:56:00"}
{"level":"info","message":"History service initialized successfully","service":"wms-api","timestamp":"2025-03-10 05:56:00"}
{"level":"info","message":"All services initialized successfully","service":"wms-api","timestamp":"2025-03-10 05:56:00"}
{"level":"info","message":"Database connection established successfully","service":"wms-api","timestamp":"2025-03-10 05:56:00"}
{"error":{"code":"ERR_HTTP_HEADERS_SENT"},"errorDetails":{"code":"ERR_HTTP_HEADERS_SENT","message":"Cannot set headers after they are sent to the client","stack":"Error [ERR_HTTP_HEADERS_SENT]: Cannot set headers after they are sent to the client\n    at ServerResponse.setHeader (node:_http_outgoing:699:11)\n    at res.end (C:\\Users\\xelth\\eckwms\\middleware\\performance.js:160:10)\n    at ReadStream.onend (node:internal/streams/readable:946:10)\n    at Object.onceWrapper (node:events:621:28)\n    at ReadStream.emit (node:events:519:35)\n    at endReadableNT (node:internal/streams/readable:1696:12)\n    at process.processTicksAndRejections (node:internal/process/task_queues:90:21)"},"level":"error","message":"Uncaught exception: Cannot set headers after they are sent to the client","service":"wms-api","stack":"Error [ERR_HTTP_HEADERS_SENT]: Cannot set headers after they are sent to the client\n    at ServerResponse.setHeader (node:_http_outgoing:699:11)\n    at res.end (C:\\Users\\xelth\\eckwms\\middleware\\performance.js:160:10)\n    at ReadStream.onend (node:internal/streams/readable:946:10)\n    at Object.onceWrapper (node:events:621:28)\n    at ReadStream.emit (node:events:519:35)\n    at endReadableNT (node:internal/streams/readable:1696:12)\n    at process.processTicksAndRejections (node:internal/process/task_queues:90:21)","timestamp":"2025-03-10 05:56:05"}
